[0501/211829.943:ERROR:process_reader_win.cc(151)] SuspendThread: Acceso denegado. (0x5)
[0501/211829.944:ERROR:process_reader_win.cc(151)] SuspendThread: Acceso denegado. (0x5)
[0501/211829.944:ERROR:process_reader_win.cc(151)] SuspendThread: Acceso denegado. (0x5)
[0501/211829.944:ERROR:process_reader_win.cc(151)] SuspendThread: Acceso denegado. (0x5)
[0501/211829.944:ERROR:process_reader_win.cc(151)] SuspendThread: Acceso denegado. (0x5)
[0501/211829.944:ERROR:process_reader_win.cc(151)] SuspendThread: Acceso denegado. (0x5)
[0501/211829.944:ERROR:process_reader_win.cc(151)] SuspendThread: Acceso denegado. (0x5)
[0501/211829.944:ERROR:process_reader_win.cc(151)] SuspendThread: Acceso denegado. (0x5)
[0501/211829.944:ERROR:process_reader_win.cc(151)] SuspendThread: Acceso denegado. (0x5)
[0501/211829.944:ERROR:process_reader_win.cc(123)] NtOpenThread: {Acceso denegado} Un proceso ha solicitado acceso a un objeto, pero no se le han concedido esos derechos de acceso. (0xc0000022)
[0501/211829.946:ERROR:exception_snapshot_win.cc(98)] thread ID 14296 not found in process
[0501/213309.322:ERROR:process_reader_win.cc(151)] SuspendThread: Acceso denegado. (0x5)
[0501/213309.361:ERROR:process_reader_win.cc(151)] SuspendThread: Acceso denegado. (0x5)
[0501/213309.361:ERROR:process_reader_win.cc(151)] SuspendThread: Acceso denegado. (0x5)
[0501/213309.361:ERROR:process_reader_win.cc(151)] SuspendThread: Acceso denegado. (0x5)
[0501/213309.361:ERROR:process_reader_win.cc(151)] SuspendThread: Acceso denegado. (0x5)
[0501/213309.361:ERROR:process_reader_win.cc(151)] SuspendThread: Acceso denegado. (0x5)
[0501/213309.361:ERROR:process_reader_win.cc(151)] SuspendThread: Acceso denegado. (0x5)
[0501/213309.361:ERROR:process_reader_win.cc(151)] SuspendThread: Acceso denegado. (0x5)
[0501/213309.361:ERROR:process_reader_win.cc(151)] SuspendThread: Acceso denegado. (0x5)
[0501/213309.361:ERROR:process_reader_win.cc(151)] SuspendThread: Acceso denegado. (0x5)
[0501/213309.361:ERROR:process_reader_win.cc(123)] NtOpenThread: {Acceso denegado} Un proceso ha solicitado acceso a un objeto, pero no se le han concedido esos derechos de acceso. (0xc0000022)
[0501/213309.362:ERROR:exception_snapshot_win.cc(98)] thread ID 5276 not found in process
[0502/014702.456:ERROR:process_reader_win.cc(151)] SuspendThread: Acceso denegado. (0x5)
[0502/014702.473:ERROR:process_reader_win.cc(151)] SuspendThread: Acceso denegado. (0x5)
[0502/014702.473:ERROR:process_reader_win.cc(151)] SuspendThread: Acceso denegado. (0x5)
[0502/014702.473:ERROR:process_reader_win.cc(151)] SuspendThread: Acceso denegado. (0x5)
[0502/014702.473:ERROR:process_reader_win.cc(151)] SuspendThread: Acceso denegado. (0x5)
[0502/014702.473:ERROR:process_reader_win.cc(151)] SuspendThread: Acceso denegado. (0x5)
[0502/014702.473:ERROR:process_reader_win.cc(151)] SuspendThread: Acceso denegado. (0x5)
[0502/014702.473:ERROR:process_reader_win.cc(123)] NtOpenThread: {Acceso denegado} Un proceso ha solicitado acceso a un objeto, pero no se le han concedido esos derechos de acceso. (0xc0000022)
[0502/014702.474:ERROR:exception_snapshot_win.cc(98)] thread ID 13284 not found in process
[0605/133912.898:ERROR:process_reader_win.cc(151)] SuspendThread: Acceso denegado. (0x5)
[0605/133912.924:ERROR:process_reader_win.cc(123)] NtOpenThread: Se ha especificado un identificador de cliente no válido. (0xc000000b)
[0605/133912.924:ERROR:process_reader_win.cc(151)] SuspendThread: Acceso denegado. (0x5)
[0605/133912.924:ERROR:process_reader_win.cc(123)] NtOpenThread: Se ha especificado un identificador de cliente no válido. (0xc000000b)
[0605/133912.925:ERROR:process_reader_win.cc(123)] NtOpenThread: Se ha especificado un identificador de cliente no válido. (0xc000000b)
[0605/133912.925:ERROR:process_reader_win.cc(123)] NtOpenThread: Se ha especificado un identificador de cliente no válido. (0xc000000b)
[0605/133912.925:ERROR:process_reader_win.cc(123)] NtOpenThread: Se ha especificado un identificador de cliente no válido. (0xc000000b)
[0605/133912.925:ERROR:process_reader_win.cc(123)] NtOpenThread: Se ha especificado un identificador de cliente no válido. (0xc000000b)
[0605/133912.925:ERROR:process_reader_win.cc(123)] NtOpenThread: Se ha especificado un identificador de cliente no válido. (0xc000000b)
[0605/133912.925:ERROR:process_reader_win.cc(123)] NtOpenThread: Se ha especificado un identificador de cliente no válido. (0xc000000b)
[0605/133912.925:ERROR:process_reader_win.cc(123)] NtOpenThread: Se ha especificado un identificador de cliente no válido. (0xc000000b)
[0605/133912.925:ERROR:process_reader_win.cc(123)] NtOpenThread: Se ha especificado un identificador de cliente no válido. (0xc000000b)
[0605/133912.925:ERROR:process_reader_win.cc(123)] NtOpenThread: Se ha especificado un identificador de cliente no válido. (0xc000000b)
[0605/133912.925:ERROR:process_reader_win.cc(123)] NtOpenThread: Se ha especificado un identificador de cliente no válido. (0xc000000b)
[0605/133912.925:ERROR:process_reader_win.cc(123)] NtOpenThread: Se ha especificado un identificador de cliente no válido. (0xc000000b)
[0605/133912.925:ERROR:exception_snapshot_win.cc(98)] thread ID 1576 not found in process
[0605/133912.925:ERROR:scoped_process_suspend.cc(40)] NtResumeProcess: Se intentó obtener acceso a un proceso que está cerrándose. (0xc000010a)
